GLSLProgram.obj : error LNK2001: unresolved external symbol __imp____glewAttachShader
GLSLProgram.obj : error LNK2001: unresolved external symbol __imp____glewCompileShader
GLSLProgram.obj : error LNK2001: unresolved external symbol __imp____glewCreateProgram
GLSLProgram.obj : error LNK2001: unresolved external symbol __imp____glewCreateShader
GLSLProgram.obj : error LNK2001: unresolved external symbol __imp____glewDeleteProgram
GLSLProgram.obj : error LNK2001: unresolved external symbol __imp____glewDeleteShader
GLSLProgram.obj : error LNK2001: unresolved external symbol __imp____glewDetachShader
GLSLProgram.obj : error LNK2001: unresolved external symbol __imp____glewGetAttribLocation
GLSLProgram.obj : error LNK2001: unresolved external symbol __imp____glewGetProgramInfoLog
GLSLProgram.obj : error LNK2001: unresolved external symbol __imp____glewGetProgramiv
GLSLProgram.obj : error LNK2001: unresolved external symbol __imp____glewGetShaderInfoLog
GLSLProgram.obj : error LNK2001: unresolved external symbol __imp____glewGetShaderiv
GLSLProgram.obj : error LNK2001: unresolved external symbol __imp____glewGetUniformLocation
GLSLProgram.obj : error LNK2001: unresolved external symbol __imp____glewLinkProgram
GLSLProgram.obj : error LNK2001: unresolved external symbol __imp____glewShaderSource
GLSLProgram.obj : error LNK2001: unresolved external symbol __imp____glewUseProgram
GLSLProgram.obj : error LNK2001: unresolved external symbol __imp____glewGetSubroutineIndex
GLSLProgram.obj : error LNK2001: unresolved external symbol __imp____glewGetSubroutineUniformLocation
GLSLProgram.obj : error LNK2001: unresolved external symbol __imp____glewUniformSubroutinesuiv
main.obj : error LNK2019: unresolved external symbol __imp__glewInit@0 referenced in function "bool __cdecl glfwFunc::initialize(void)" (?initialize@glfwFunc@@YA_NXZ)
main.obj : error LNK2001: unresolved external symbol __imp____glewBindBuffer
main.obj : error LNK2001: unresolved external symbol __imp____glewBufferData
main.obj : error LNK2001: unresolved external symbol __imp____glewBufferSubData
main.obj : error LNK2001: unresolved external symbol __imp____glewGenBuffers
main.obj : error LNK2001: unresolved external symbol __imp____glewEnableVertexAttribArray
main.obj : error LNK2001: unresolved external symbol __imp____glewUniformMatrix4fv
main.obj : error LNK2001: unresolved external symbol __imp____glewVertexAttribPointer
main.obj : error LNK2001: unresolved external symbol __imp____glewBindVertexArray
main.obj : error LNK2001: unresolved external symbol __imp____glewDeleteVertexArrays
main.obj : error LNK2001: unresolved external symbol __imp____glewGenVertexArrays
main.obj : error LNK2001: unresolved external symbol __imp____glewIsVertexArray
main.obj : error LNK2001: unresolved external symbol __imp__glewExperimental
C:\Users\Jesus\Documents\UCV\ICG\ShadersExample\Debug\ShadersExample.exe : fatal error LNK1120: 32 unresolved externals
