  main.cpp
LINK : warning LNK4098: defaultlib 'LIBCMT' conflicts with use of other libs; use /NODEFAULTLIB:library
  Generating code
  6 of 396 functions ( 1.5%) were compiled, the rest were copied from previous compilation.
    0 functions were new in current compilation
    13 functions had inline decision re-evaluated but remain unchanged
  Finished generating code
GLSLProgram.obj : warning LNK4049: locally defined symbol ___glewLinkProgram imported
GLSLProgram.obj : warning LNK4049: locally defined symbol ___glewDeleteShader imported
GLSLProgram.obj : warning LNK4049: locally defined symbol ___glewGetSubroutineIndex imported
GLSLProgram.obj : warning LNK4049: locally defined symbol ___glewGetProgramInfoLog imported
GLSLProgram.obj : warning LNK4049: locally defined symbol ___glewDetachShader imported
GLSLProgram.obj : warning LNK4049: locally defined symbol ___glewShaderSource imported
GLSLProgram.obj : warning LNK4049: locally defined symbol ___glewDeleteProgram imported
GLSLProgram.obj : warning LNK4049: locally defined symbol ___glewAttachShader imported
GLSLProgram.obj : warning LNK4049: locally defined symbol ___glewGetUniformLocation imported
GLSLProgram.obj : warning LNK4049: locally defined symbol ___glewUniformSubroutinesuiv imported
GLSLProgram.obj : warning LNK4049: locally defined symbol ___glewGetProgramiv imported
GLSLProgram.obj : warning LNK4049: locally defined symbol ___glewGetSubroutineUniformLocation imported
GLSLProgram.obj : warning LNK4049: locally defined symbol ___glewGetShaderInfoLog imported
GLSLProgram.obj : warning LNK4049: locally defined symbol ___glewCreateProgram imported
GLSLProgram.obj : warning LNK4049: locally defined symbol ___glewCreateShader imported
GLSLProgram.obj : warning LNK4049: locally defined symbol ___glewGetAttribLocation imported
GLSLProgram.obj : warning LNK4049: locally defined symbol ___glewCompileShader imported
GLSLProgram.obj : warning LNK4049: locally defined symbol ___glewGetShaderiv imported
GLSLProgram.obj : warning LNK4049: locally defined symbol ___glewUseProgram imported
glew32s.lib(glew.obj) : warning LNK4099: PDB 'vc120.pdb' was not found with 'glew32s.lib(glew.obj)' or at 'C:\Users\Jesus\Documents\UCV\ICG\ShadersExample\Release\vc120.pdb'; linking object as if no debug info
  ShadersExample.vcxproj -> C:\Users\Jesus\Documents\UCV\ICG\ShadersExample\Release\ShadersExample.exe
  ShadersExample.vcxproj -> C:\Users\Jesus\Documents\UCV\ICG\ShadersExample\Release\ShadersExample.pdb (Full PDB)
